Построение начато 09.03.2013 21:12:36.
     1>Проект "C:\Users\Break-Neck\Dropbox\progs\SVN\task4\LCA\lca\lca\lca.vcxproj" в узле 2 (целевые объекты build).
     1>InitializeBuildStatus:
         Создание "Debug\lca.unsuccessfulbuild", так как было задано "AlwaysCreate".
       ClCompile:
         c:\Program Files (x86)\Microsoft Visual Studio 10.0\VC\bin\CL.exe /c /ZI /nologo /W3 /WX- /Od /Oy- /D _MBCS /Gm /EHsc /RTC1 /MDd /GS /fp:precise /Zc:wchar_t /Zc:forScope /Fo"Debug\\" /Fd"Debug\vc100.pdb" /Gd /TP /analyze- /errorReport:prompt lca.cpp
         lca.cpp
     1>c:\users\break-neck\dropbox\progs\svn\task4\lca\lca\lca\lca.cpp(35): warning C4018: <: несоответствие типов со знаком и без знака
     1>c:\users\break-neck\dropbox\progs\svn\task4\lca\lca\lca\lca.cpp(41): warning C4018: <: несоответствие типов со знаком и без знака
       Link:
         c:\Program Files (x86)\Microsoft Visual Studio 10.0\VC\bin\link.exe /ERRORREPORT:PROMPT /OUT:"C:\Users\Break-Neck\Dropbox\progs\SVN\task4\LCA\lca\Debug\lca.exe" /NOLOGO kernel32.lib user32.lib gdi32.lib winspool.lib comdlg32.lib advapi32.lib shell32.lib ole32.lib oleaut32.lib uuid.lib odbc32.lib odbccp32.lib /MANIFEST /ManifestFile:"Debug\lca.exe.intermediate.manifest" /MANIFESTUAC:"level='asInvoker' uiAccess='false'" /DEBUG /PDB:"C:\Users\Break-Neck\Dropbox\progs\SVN\task4\LCA\lca\Debug\lca.pdb" /TLBID:1 /DYNAMICBASE /NXCOMPAT /IMPLIB:"C:\Users\Break-Neck\Dropbox\progs\SVN\task4\LCA\lca\Debug\lca.lib" /MACHINE:X86 Debug\lca.obj
         LINK : не найден или не выполнена сборка C:\Users\Break-Neck\Dropbox\progs\SVN\task4\LCA\lca\Debug\lca.exe при последней инкрементной компоновке; выполняется полная компоновка
         lca.vcxproj -> C:\Users\Break-Neck\Dropbox\progs\SVN\task4\LCA\lca\Debug\lca.exe
       Manifest:
         C:\Program Files (x86)\Microsoft SDKs\Windows\v7.0A\bin\mt.exe /nologo /verbose /outputresource:"C:\Users\Break-Neck\Dropbox\progs\SVN\task4\LCA\lca\Debug\lca.exe;#1" /manifest Debug\lca.exe.intermediate.manifest
       FinalizeBuildStatus:
         Файл "Debug\lca.unsuccessfulbuild" удаляется.
         Обращение к "Debug\lca.lastbuildstate".
     1>Построение проекта "C:\Users\Break-Neck\Dropbox\progs\SVN\task4\LCA\lca\lca\lca.vcxproj" завершено (целевые объекты build).

Построение успешно завершено.

Затраченное время: 00:00:01.18
